<?xml version="1.0" encoding="UTF-8"?>
<testsuite name="com.asynchronousmontser.monstermusic.controller.SongControllerTest" tests="6" skipped="0" failures="0" errors="0" timestamp="2018-12-24T01:36:13" hostname="hoang-ThinkPad-X220-Tablet" time="0.199">
  <properties/>
  <testcase name="putUpdateSong" classname="com.asynchronousmontser.monstermusic.controller.SongControllerTest" time="0.191"/>
  <testcase name="patchUpdateSong" classname="com.asynchronousmontser.monstermusic.controller.SongControllerTest" time="0.004"/>
  <testcase name="getSong" classname="com.asynchronousmontser.monstermusic.controller.SongControllerTest" time="0.002"/>
  <testcase name="getAllSong" classname="com.asynchronousmontser.monstermusic.controller.SongControllerTest" time="0.001"/>
  <testcase name="createSong" classname="com.asynchronousmontser.monstermusic.controller.SongControllerTest" time="0.0"/>
  <testcase name="deleteSong" classname="com.asynchronousmontser.monstermusic.controller.SongControllerTest" time="0.0"/>
  <system-out><![CDATA[]]></system-out>
  <system-err><![CDATA[]]></system-err>
</testsuite>
